1706958826515	geckodriver	INFO	Listening on 127.0.0.1:54073
1706958840482	geckodriver	INFO	Listening on 127.0.0.1:54093
1706958840997	mozrunner::runner	INFO	Running command: "D:\\Program Files\\Mozilla Firefox\\firefox.exe" "--marionette" "--remote-debugging-port" "54094" "--remote-allow-hosts" "localhost" "-no-remote" "-profile" "C:\\Users\\patri\\AppData\\Local\\Temp\\rust_mozprofileGdjSpL"
console.warn: services.settings: Ignoring preference override of remote settings server
console.warn: services.settings: Allow by setting MOZ_REMOTE_SETTINGS_DEVTOOLS=1 in the environment
1706958841342	Marionette	INFO	Marionette enabled
Dynamically enable window occlusion 0
1706958841419	Marionette	INFO	Listening on port 54099
WebDriver BiDi listening on ws://127.0.0.1:54094
Read port: 54099
1706958841545	RemoteAgent	WARN	TLS certificate errors will be ignored for this session
DevTools listening on ws://127.0.0.1:54094/devtools/browser/48166e9b-7eb3-453b-85cf-5becef5e5fb5
JavaScript error: https://www.examinations.ie/js/sec.js, line 1: ReferenceError: $ is not defined
console.warn: LoginRecipes: "Falling back to a synchronous message for: https://www.examinations.ie."
JavaScript error: https://www.examinations.ie/js/sec.js, line 1: ReferenceError: $ is not defined
console.warn: LoginRecipes: "Falling back to a synchronous message for: https://www.examinations.ie."
JavaScript error: https://www.examinations.ie/js/sec.js, line 1: ReferenceError: $ is not defined
console.warn: LoginRecipes: "Falling back to a synchronous message for: https://www.examinations.ie."
JavaScript error: https://www.examinations.ie/js/sec.js, line 1: ReferenceError: $ is not defined
console.warn: LoginRecipes: "Falling back to a synchronous message for: https://www.examinations.ie."
JavaScript error: https://www.examinations.ie/js/sec.js, line 1: ReferenceError: $ is not defined
console.warn: LoginRecipes: "Falling back to a synchronous message for: https://www.examinations.ie."
JavaScript error: https://www.examinations.ie/js/sec.js, line 1: ReferenceError: $ is not defined
console.warn: LoginRecipes: "Falling back to a synchronous message for: https://www.examinations.ie."
1706958845429	Marionette	INFO	Stopped listening on port 54099
Dynamically enable window occlusion 1
console.warn: LoginRecipes: "Falling back to a synchronous message for: https://www.examinations.ie."
1706959011600	geckodriver	INFO	Listening on 127.0.0.1:54150
1706959012103	mozrunner::runner	INFO	Running command: "D:\\Program Files\\Mozilla Firefox\\firefox.exe" "--marionette" "--remote-debugging-port" "54151" "--remote-allow-hosts" "localhost" "-no-remote" "-profile" "C:\\Users\\patri\\AppData\\Local\\Temp\\rust_mozprofilea1kM2G"
console.warn: services.settings: Ignoring preference override of remote settings server
console.warn: services.settings: Allow by setting MOZ_REMOTE_SETTINGS_DEVTOOLS=1 in the environment
1706959012423	Marionette	INFO	Marionette enabled
Dynamically enable window occlusion 0
1706959012522	Marionette	INFO	Listening on port 54172
WebDriver BiDi listening on ws://127.0.0.1:54148
Read port: 54170
1706959012729	RemoteAgent	WARN	TLS certificate errors will be ignored for this session
DevTools listening on ws://127.0.0.1:54151/devtools/browser/3542b236-f3f5-4df9-b56a-cf8043bd1fbc
JavaScript error: https://www.examinations.ie/js/sec.js, line 1: ReferenceError: $ is not defined
console.warn: LoginRecipes: "Falling back to a synchronous message for: https://www.examinations.ie."
JavaScript error: https://www.examinations.ie/js/sec.js, line 1: ReferenceError: $ is not defined
console.warn: LoginRecipes: "Falling back to a synchronous message for: https://www.examinations.ie."
JavaScript error: https://www.examinations.ie/js/sec.js, line 1: ReferenceError: $ is not defined
1706959029980	Marionette	INFO	Stopped listening on port 54169
Dynamically enable window occlusion 1

JavaScript error: https://www.examinations.ie/js/sec.js, line 1: ReferenceError: $ is not defined
console.warn: LoginRecipes: "Falling back to a synchronous message for: https://www.examinations.ie."
JavaScript error: https://www.examinations.ie/js/sec.js, line 1: ReferenceError: $ is not defined
console.warn: LoginRecipes: "Falling back to a synchronous message for: https://www.examinations.ie."
JavaScript error: https://www.examinations.ie/js/sec.js, line 1: ReferenceError: $ is not defined
console.warn: LoginRecipes: "Falling back to a synchronous message for: https://www.examinations.ie."
1706959017821	Marionette	INFO	Stopped listening on port 54171
Dynamically enable window occlusion 1
console.warn: LoginRecipes: "Falling back to a synchronous message for: https://www.examinations.ie."
1706959335522	geckodriver	INFO	Listening on 127.0.0.1:54352
1706959336033	mozrunner::runner	INFO	Running command: "D:\\Program Files\\Mozilla Firefox\\firefox.exe" "--marionette" "--remote-debugging-port" "54357" "--remote-allow-hosts" "localhost" "-no-remote" "-profile" "C:\\Users\\patri\\AppData\\Local\\Temp\\rust_mozprofile5NcMZe"
console.warn: services.settings: Ignoring preference override of remote settings server
console.warn: services.settings: Allow by setting MOZ_REMOTE_SETTINGS_DEVTOOLS=1 in the environment
1706959337114	Marionette	INFO	Marionette enabled
Dynamically enable window occlusion 0
1706959337559	Marionette	INFO	Listening on port 54455
WebDriver BiDi listening on ws://127.0.0.1:54353
Read port: 54455
1706959338185	RemoteAgent	WARN	TLS certificate errors will be ignored for this session
DevTools listening on ws://127.0.0.1:54356/devtools/browser/fa9be769-101f-4c02-8def-34e57a55be39
JavaScript error: https://www.examinations.ie/js/sec.js, line 1: ReferenceError: $ is not defined
console.warn: LoginRecipes: "Falling back to a synchronous message for: https://www.examinations.ie."
JavaScript error: https://www.examinations.ie/js/sec.js, line 1: ReferenceError: $ is not defined
console.warn: LoginRecipes: "Falling back to a synchronous message for: https://www.examinations.ie."
JavaScript error: https://www.examinations.ie/js/sec.js, line 1: ReferenceError: $ is not defined
1706959365028	Marionette	INFO	Stopped listening on port 54421
Dynamically enable window occlusion 1
!!! error running onS1706959366504	Marionette	INFO	Stopped listening on port 54428
Dynamically enable window occlusion 1
JavaScript error: resource://gre/modules/UrlClassifierListManager.sys.mjs, line 720: TypeError: this.tablesData[table] is undefined
54423
Dynamically enable window occlusion 1
s", 107))
console.error: services.settings: 
  main/query-stripping Signature failed  TypeError: NetworkError: Network request failed
console.error: (new NetworkError("Network error: TypeE170695936551706959366703	Marionette	INFO	Stopped listening on port 54454
Dynamically enable window occlusion 1
usion 1
1706959569471	geckodriver	INFO	Listening on 127.0.0.1:54957
1706959569973	mozrunner::runner	INFO	Running command: "D:\\Program Files\\Mozilla Firefox\\firefox.exe" "--marionette" "--remote-debugging-port" "54960" "--remote-allow-hosts" "localhost" "-no-remote" "-profile" "C:\\Users\\patri\\AppData\\Local\\Temp\\rust_mozprofileHysciT"
console.warn: services.settings: Ignoring preference override of remote settings server
console.warn: services.settings: Allow by setting MOZ_REMOTE_SETTINGS_DEVTOOLS=1 in the environment
1706959570331	Marionette	INFO	Marionette enabled
Dynamically enable window occlusion 0
1706959570450	Marionette	INFO	Listening on port 54982
WebDriver BiDi listening on ws://127.0.0.1:54960
Read port: 54982
1706959570676	RemoteAgent	WARN	TLS certificate errors will be ignored for this session
DevTools listening on ws://127.0.0.1:54959/devtools/browser/c08425ef-5cbe-4cd8-bafa-c2e55d2fde96
JavaScript error: https://www.examinations.ie/js/sec.js, line 1: ReferenceError: $ is not defined
console.warn: LoginRecipes: "Falling back to a synchronous message for: https://www.examinations.ie."
JavaScript error: https://www.examinations.ie/js/sec.js, line 1: ReferenceError: $ is not defined
console.warn: LoginRecipes: "Falling back to a synchronous message for: https://www.examinations.ie."
JavaScript error: https://www.examinations.ie/js/sec.js, line 1: ReferenceError: $ is not defined
console.warn: LoginRecipes: "Falling back to a synchronous message for: https://www.examinations.ie."
JavaScript error: https://www.examinations.ie/js/sec.js, line 1: ReferenceError: $ is not defined
console.warn: LoginRecipes: "Falling back to a synchronous message for: https://www.examinations.ie."
JavaScript error: https://www.examinations.ie/js/sec.js, line 1: ReferenceError: $ is not defined
console.warn: LoginRecipes: "Falling back to a synchronous message for: https://www.examinations.ie."
JavaScript error: https://www.examinations.ie/js/sec.js, line 1: ReferenceError: $ is not defined
console.warn: LoginRecipes: "Falling back to a synchronous message for: https://www.examinations.ie."
1706959575074	Marionette	INFO	Stopped listening on port 54981
Dynamically enable window occlusion 1
console.warn: LoginRecipes: "Falling back to a synchronous message for: https://www.examinations.ie."
console.warn: LoginRecipes: "Falling back to a synchronous message for: https://www.examinations.ie."
1706959576135	geckodriver	INFO	Listening on 127.0.0.1:55081
1706959576615	mozrunner::runner	INFO	Running command: "D:\\Program Files\\Mozilla Firefox\\firefox.exe" "--marionette" "--remote-debugging-port" "55080" "--remote-allow-hosts" "localhost" "-no-remote" "-profile" "C:\\Users\\patri\\AppData\\Local\\Temp\\rust_mozprofile4dt6Lk"
console.warn: services.settings: Ignoring preference overrid1706959576892	mozrunner::runner	INFO	Running command: "D:\\Program Files\\Mozilla Firefox\\firefox.exe" "--marionette" "--remote-d1706959576955	Marionette	INFO	Marionette enabled
Dynamicall1706959576968	mozrunner::runn1706959577061	Marionette	INFO	Listening on port 55102
Reconsole.warn: services.settings: Ignoring preference override of 1706959577122	RemoteAgent	WARN	TLS certificate errors will be ignored for this session
DevTools listening on ws://127.0.0.1:55080/devtools/browser/bd0d3be2-5f24-4e10-a015-3fb0ad7298b5
JavaScript error: https://www.examinations.ie/js/sec.js, line 1: ReferenceError: $ is not defined
console.warn: LoginRecipes: "Falling back to a synchronous message for: https://www.examinations.ie."
JavaScript error: https://www.examinations.ie/js/sec.js, line 1: ReferenceError: $ is not defined
console.warn: LoginRecipes: "FallinJavaScript error: https://www.examinations.ie/js/sec.js, line 1: ReferenceError: $ is not defined
console.warn: LoginRecipes: "Falling back to a synchronous message for: https://www.examinaJavaScript eJavaScript error: https://www.examinations.ie/js/sec.js, line 1: ReferenceError: $ is nconsole.warn: LoginRecipes: "Falling back to a synchronous message for: https://www.examinations.ie."
JavaScript error: https://www.examinations.ie/js/sec.js, line 1: ReferenceError: $ is not defined
console.warn: LoginRecipes: "Falling back to a synchronous message for: https://www.examinations.ie."
JavaScript error: https://www.examinations.ie/js/sec.js, line 1: ReferenceError: $ is not defined
console.warn: LoginRecipes: "Falling back to a synchronous message for: https://console.warn: LoginRecipes: "Falling back to a synchronous message for: https://www.examinations.ie."
1706959581669	Marionette	INFO	Stopped listening on port 55102
Dynamically enable window occlusion 1
console.warn: LoginRecipes: "Falling back to a synchronous message for: https://www.examinations.ie."
console.warn: LoginRecipes: JavaScript warning: https://challenges.cloudflare.com/cdn-cgi/challenge-platform/h/b/orchestrate/chl_api/v1?ray=84fa518f2b2524c6, line 1: WEBGL_debug_renderer_info is deprecated in Firefox aJavaScript warning: https://challenges.cloJavaScript warning: https://challenges.cloudflare.com/cdn-cgi/challenge-platform/h/b/orchestrate/chl_api/v1?ray=84fa51b72d6724c6, line 1: WEBGL_debug_renderer_info is deprecated in Firefox aExiting due to channel error.
Exiting due to channel error.
Exiting due to channel error.
ofile" "C:\\Users\\patri\\AppData\\Local\\Temp\\rust_mozprofileykHaFm"
console.warn: services.settings: Ignoring preference override of remote settings server
console.warn: services.settings: Allow by setting MOZ_REMOTE_SETTINGS_DEVTOOLS=1 in the environment
1706959583520	Marionette	INFO	Marionette enabled
Dynamically enable window occlusion 0
1706959583667	Marionette	INFO	Listening on port 55231
WebDriver BiDi listening on ws://127.0.0.1:55202
Read port: 55231
1706959583911	RemoteAgent	WADevTools listening on ws://127.0.0.1:55193/devtools/browser/DevTools listening on ws://127.0.0.1:55202/devtools/browser/b88e3436-aff2-4926-806e-db2c70d07baa
console.error: (new TypeError("linkMap is undefiExiting due to channel error.
Exiting due to channel error.
Exiting due to channel error.
Exiting due to channel error.
allenge-platform/h/b/orchestrate/chl_api/v1?ray=84fa51aecb20baa0, line 1: WEBGL_debug_renderer_info is deprecated in Firefox and will be removed. Please use RENDERER.
Exiting due to channel error.
Exiting due to channel error.
Exiting due to channel error.
stening on 127.0.0.1:55312
1706959592839	mozrunner::runner	INFO	Running command: "D:\\Program Files\\Mozilla Firefox\\firefox.exe" "--marionette" "--remote-debugging-port" "55313" "--remote-allow-hosts" "localhost" "-no-remote" "-profile" "C:\\Users\\patri\\AppData\\Local\\Temp\\rust_mozprofilekPb1IK"
console.warn: services.settings: Ignoring preference override of remote settings server
console.warn: services.settings: Allow by setting MOZ_REMOTE_SETTINGS_DEVTOOLS=1 in the environment
1706959593163	Marionette	INFO	Marionette enabled
Dynamically enable window occlusion 0
1706959593244	Marionette	INFO	Listening on port 55325
WebDriver BiDi listening on ws://127.0.0.1:55313
Read port: 55325
1706959593387	RemoteAgent	WADevTools listening on ws://127.0.0.1:55310/devtools/browser/2f3df3ec-4544-433e-87ca-e56bd2b696e2
console.error: (new TypeError("linkMap is undefined", "resource://gre/modules/NewTabUtils.sys.mjs", 2001))
1706959594765	geckodriver	INFO	Listening on 127.0.0.1:55352
1706959595269	mozrunner::runner	INFO	Running command: "D:\\Program Files\\Mozilla Firefox\\firefox.exe" "--marionette" "--remote-debugging-port" "55353" "--remote-allow-hosts" "localhost" "-no-remote" "-profile" "C:\\Users\\patri\\AppData\\Local\\Temp\\rust_mozprofile2VEcph"
console.warn: services.settings: Ignoring preference override of remote settings server
console.warn: services.settings: Allow by setting MOZ_REMOTE_SETTINGS_DEVTOOLS=1 in the environment
1706959595559	Marionette	INFO	Marionette enabled
Dynamically enable window occlusion 0
1706959595635	Marionette	INFO	Listening on port 55361
WebDriver BiDi listening on ws://127.0.0.1:55353
Read port: 55361
1706959595770	RemoteAgent	WARN	TLS certificate errors will be ignored for this session
DevTools listening on ws://127.0.0.1:55353/devtools/browser/b7b30fa1-6673-4962-b404-c4660329d959
console.error: (new TypeError("linkMap is undefined", "resource://gre/modules/NewTabUtils.sys.mjs", 2001))
JavaScript warning: https://challenges.cloudflare.com/cdn-cgi/challenge-platform/h/b/orchestrate/chl_api/v1?ray=84fa51f13ba2233d, line 1: WEBGL_debug_renderer_info is deprecated in Firefox and will be removed. Please use RENDERER.
1706959601898	Marionette	INFO	Stopped listening on port 55361
Dynamically enable window occlusion 1
1706959602011	geckodriver	INFO	Listening on 127.0.0.1:55413
1706959602515	mozrunner::runner	INFO	Running command: "D:\\Program Files\\Mozilla Firefox\\firefox.exe" "--marionette" "--remote-debugging-port" "55414" "--remote-allow-hosts" "localhost" "-no-remote" "-profile" "C:\\Users\\patri\\AppData\\Local\\Temp\\rust_mozprofilelJhL8Y"
console.warn: services.settings: Ignoring preference override of remote settings server
console.warn: services.settings: Allow by setting MOZ_REMOTE_SETTINGS_DEVTOOLS=1 in the environment
1706959602801	Marionette	INFO	Marionette enabled
Dynamically enable window occlusion 0
1706959602877	Marionette	INFO	Listening on port 55422
WebDriver BiDi listening on ws://127.0.0.1:55414
Read port: 55422
1706959603095	geckodriver	INFO	Listening on 127.0.0.1:55426
1706959603608	mozrunner::runExiting due to channel error.
Program Files\\Mozilla Firefox\\firefox.exe" "--marionette" "--remote-debugging-port" "55427" "--remote-allow-hosts" "localhost" "-no-remote" "-profile" "C:\\Users\\patri\\AppData\\Local\\Temp\\rust_mozprofile7VSnO4"
1706959689387	geckodriver	INFO	Listening on 127.0.0.1:55434
1706959689892	mozrunner::runner	INFO	Running command: "D:\\Program Files\\Mozilla Firefox\\firefox.exe" "--marionette" "--remote-debugging-port" "55435" "--remote-allow-hosts" "localhost" "-no-remote" "-profile" "C:\\Users\\patri\\AppData\\Local\\Temp\\rust_mozprofileq34u6v"
console.warn: services.settings: Ignoring preference override of remote settings server
console.warn: services.settings: Allow by setting MOZ_REMOTE_SETTINGS_DEVTOOLS=1 in the environment
1706959690179	Marionette	INFO	Marionette enabled
Dynamically enable window occlusion 0
1706959690255	Marionette	INFO	Listening on port 55440
WebDriver BiDi listening on ws://127.0.0.1:55435
Read port: 55440
1706959690381	RemoteAgent	WARN	TLS certificate errors will be ignored for this session
DevTools listening on ws://127.0.0.1:55435/devtools/browser/985285c0-c01d-4bc3-b180-3063f8a17479
JavaScript error: https://www.examinations.ie/js/sec.js, line 1: ReferenceError: $ is not defined
console.warn: LoginRecipes: "Falling back to a synchronous message for: https://www.examinations.ie."
JavaScript error: https://www.examinations.ie/js/sec.js, line 1: ReferenceError: $ is not defined
console.warn: LoginRecipes: "Falling back to a synchronous message for: https://www.examinations.ie."
JavaScript error: https://www.examinations.ie/js/sec.js, line 1: ReferenceError: $ is not defined
console.warn: LoginRecipes: "Falling back to a synchronous message for: https://www.examinations.ie."
JavaScript error: https://www.examinations.ie/js/sec.js, line 1: ReferenceError: $ is not defined
console.warn: LoginRecipes: "Falling back to a synchronous message for: https://www.examinations.ie."
JavaScript error: https://www.examinations.ie/js/sec.js, line 1: ReferenceError: $ is not defined
console.warn: LoginRecipes: "Falling back to a synchronous message for: https://www.examinations.ie."
JavaScript error: https://www.examinations.ie/js/sec.js, line 1: ReferenceError: $ is not defined
console.warn: LoginRecipes: "Falling back to a synchronous message for: https://www.examinations.ie."
1706959693456	Marionette	INFO	Stopped listening on port 55440
Dynamically enable window occlusion 1
console.warn: LoginRecipes: "Falling back to a synchronous message for: https://www.examinations.ie."
1706959694273	geckodriver	INFO	Listening on 127.0.0.1:55471
1706959694779	mozrunner::runner	INFO	Running command: "D:\\Program Files\\Mozilla Firefox\\firefox.exe" "--marionette" "--remote-debugging-port" "55472" "--remote-allow-hosts" "localhost" "-no-remote" "-profile" "C:\\Users\\patri\\AppData\\Local\\Temp\\rust_mozprofile8sY6sl"
console.warn: services.settings: Ignoring preference override of remote settings server
console.warn: services.settings: Allow by setting MOZ_REMOTE_SETTINGS_DEVTOOLS=1 in the environment
1706959695068	Marionette	INFO	Marionette enabled
Dynamically enable window occlusion 0
1706959695144	Marionette	INFO	Listening on port 55477
WebDriver BiDi listening on ws://127.0.0.1:55472
Read port: 55477
1706959695276	RemoteAgent	WARN	TLS certificate errors will be ignored for this session
DevTools listening on ws://127.0.0.1:55472/devtools/browser/d81d28fe-954a-4456-9192-d360be0cc2b7
JavaScript error: https://www.examinations.ie/js/sec.js, line 1: ReferenceError: $ is not defined
console.warn: LoginRecipes: "Falling back to a synchronous message for: https://www.examinations.ie."
JavaScript error: https://www.examinations.ie/js/sec.js, line 1: ReferenceError: $ is not defined
console.warn: LoginRecipes: "Falling back to a synchronous message for: https://www.examinations.ie."
JavaScript error: https://www.examinations.ie/js/sec.js, line 1: ReferenceError: $ is not defined
console.warn: LoginRecipes: "Falling back to a synchronous message for: https://www.examinations.ie."
JavaScript error: https://www.examinations.ie/js/sec.js, line 1: ReferenceError: $ is not defined
console.warn: LoginRecipes: "Falling back to a synchronous message for: https://www.examinations.ie."
JavaScript error: https://www.examinations.ie/js/sec.js, line 1: ReferenceError: $ is not defined
console.warn: LoginRecipes: "Falling back to a synchronous message for: https://www.examinations.ie."
JavaScript error: https://www.examinations.ie/js/sec.js, line 1: ReferenceError: $ is not defined
console.warn: LoginRecipes: "Falling back to a synchronous message for: https://www.examinations.ie."
1706959698781	Marionette	INFO	Stopped listening on port 55477
Dynamically enable window occlusion 1
console.warn: LoginRecipes: "Falling back to a synchronous message for: https://www.examinations.ie."
1706959699704	geckodriver	INFO	Listening on 127.0.0.1:55509
1706959700209	mozrunner::runner	INFO	Running command: "D:\\Program Files\\Mozilla Firefox\\firefox.exe" "--marionette" "--remote-debugging-port" "55510" "--remote-allow-hosts" "localhost" "-no-remote" "-profile" "C:\\Users\\patri\\AppData\\Local\\Temp\\rust_mozprofileyrlz3A"
console.warn: services.settings: Ignoring preference override of remote settings server
console.warn: services.settings: Allow by setting MOZ_REMOTE_SETTINGS_DEVTOOLS=1 in the environment
1706959700499	Marionette	INFO	Marionette enabled
Dynamically enable window occlusion 0
1706959700576	Marionette	INFO	Listening on port 55515
WebDriver BiDi listening on ws://127.0.0.1:55510
Read port: 55515
1706959700705	RemoteAgent	WARN	TLS certificate errors will be ignored for this session
DevTools listening on ws://127.0.0.1:55510/devtools/browser/442a7ea4-e1a8-41c3-811f-cb7f71ed7e09
JavaScript error: https://www.examinations.ie/js/sec.js, line 1: ReferenceError: $ is not defined
console.warn: LoginRecipes: "Falling back to a synchronous message for: https://www.examinations.ie."
JavaScript error: https://www.examinations.ie/js/sec.js, line 1: ReferenceError: $ is not defined
console.warn: LoginRecipes: "Falling back to a synchronous message for: https://www.examinations.ie."
JavaScript error: https://www.examinations.ie/js/sec.js, line 1: ReferenceError: $ is not defined
console.warn: LoginRecipes: "Falling back to a synchronous message for: https://www.examinations.ie."
JavaScript error: https://www.examinations.ie/js/sec.js, line 1: ReferenceError: $ is not defined
console.warn: LoginRecipes: "Falling back to a synchronous message for: https://www.examinations.ie."
JavaScript error: https://www.examinations.ie/js/sec.js, line 1: ReferenceError: $ is not defined
console.warn: LoginRecipes: "Falling back to a synchronous message for: https://www.examinations.ie."
JavaScript error: https://www.examinations.ie/js/sec.js, line 1: ReferenceError: $ is not defined
console.warn: LoginRecipes: "Falling back to a synchronous message for: https://www.examinations.ie."
1706959703991	Marionette	INFO	Stopped listening on port 55515
Dynamically enable window occlusion 1
console.warn: LoginRecipes: "Falling back to a synchronous message for: https://www.examinations.ie."
1706959705006	geckodriver	INFO	Listening on 127.0.0.1:55545
1706959705514	mozrunner::runner	INFO	Running command: "D:\\Program Files\\Mozilla Firefox\\firefox.exe" "--marionette" "--remote-debugging-port" "55546" "--remote-allow-hosts" "localhost" "-no-remote" "-profile" "C:\\Users\\patri\\AppData\\Local\\Temp\\rust_mozprofileUy0lb6"
console.warn: services.settings: Ignoring preference override of remote settings server
console.warn: services.settings: Allow by setting MOZ_REMOTE_SETTINGS_DEVTOOLS=1 in the environment
1706959705806	Marionette	INFO	Marionette enabled
Dynamically enable window occlusion 0
1706959705882	Marionette	INFO	Listening on port 55551
WebDriver BiDi listening on ws://127.0.0.1:55546
Read port: 55551
1706959706009	RemoteAgent	WARN	TLS certificate errors will be ignored for this session
DevTools listening on ws://127.0.0.1:55546/devtools/browser/d7669603-1bcf-476c-ace0-02105903f26d
JavaScript error: https://www.examinations.ie/js/sec.js, line 1: ReferenceError: $ is not defined
console.warn: LoginRecipes: "Falling back to a synchronous message for: https://www.examinations.ie."
JavaScript error: https://www.examinations.ie/js/sec.js, line 1: ReferenceError: $ is not defined
console.warn: LoginRecipes: "Falling back to a synchronous message for: https://www.examinations.ie."
JavaScript error: https://www.examinations.ie/js/sec.js, line 1: ReferenceError: $ is not defined
console.warn: LoginRecipes: "Falling back to a synchronous message for: https://www.examinations.ie."
JavaScript error: https://www.examinations.ie/js/sec.js, line 1: ReferenceError: $ is not defined
console.warn: LoginRecipes: "Falling back to a synchronous message for: https://www.examinations.ie."
JavaScript error: https://www.examinations.ie/js/sec.js, line 1: ReferenceError: $ is not defined
console.warn: LoginRecipes: "Falling back to a synchronous message for: https://www.examinations.ie."
JavaScript error: https://www.examinations.ie/js/sec.js, line 1: ReferenceError: $ is not defined
console.warn: LoginRecipes: "Falling back to a synchronous message for: https://www.examinations.ie."
1706959709103	Marionette	INFO	Stopped listening on port 55551
Dynamically enable window occlusion 1
console.warn: LoginRecipes: "Falling back to a synchronous message for: https://www.examinations.ie."
1706959709979	geckodriver	INFO	Listening on 127.0.0.1:55582
1706959710483	mozrunner::runner	INFO	Running command: "D:\\Program Files\\Mozilla Firefox\\firefox.exe" "--marionette" "--remote-debugging-port" "55583" "--remote-allow-hosts" "localhost" "-no-remote" "-profile" "C:\\Users\\patri\\AppData\\Local\\Temp\\rust_mozprofilewKt1Bs"
console.warn: services.settings: Ignoring preference override of remote settings server
console.warn: services.settings: Allow by setting MOZ_REMOTE_SETTINGS_DEVTOOLS=1 in the environment
1706959710773	Marionette	INFO	Marionette enabled
Dynamically enable window occlusion 0
1706959710849	Marionette	INFO	Listening on port 55588
WebDriver BiDi listening on ws://127.0.0.1:55583
Read port: 55588
1706959710977	RemoteAgent	WARN	TLS certificate errors will be ignored for this session
DevTools listening on ws://127.0.0.1:55583/devtools/browser/69743af3-c62d-4921-9427-40e89dae0f5d
JavaScript error: https://www.examinations.ie/js/sec.js, line 1: ReferenceError: $ is not defined
console.warn: LoginRecipes: "Falling back to a synchronous message for: https://www.examinations.ie."
JavaScript error: https://www.examinations.ie/js/sec.js, line 1: ReferenceError: $ is not defined
console.warn: LoginRecipes: "Falling back to a synchronous message for: https://www.examinations.ie."
JavaScript error: https://www.examinations.ie/js/sec.js, line 1: ReferenceError: $ is not defined
console.warn: LoginRecipes: "Falling back to a synchronous message for: https://www.examinations.ie."
JavaScript error: https://www.examinations.ie/js/sec.js, line 1: ReferenceError: $ is not defined
console.warn: LoginRecipes: "Falling back to a synchronous message for: https://www.examinations.ie."
JavaScript error: https://www.examinations.ie/js/sec.js, line 1: ReferenceError: $ is not defined
console.warn: LoginRecipes: "Falling back to a synchronous message for: https://www.examinations.ie."
JavaScript error: https://www.examinations.ie/js/sec.js, line 1: ReferenceError: $ is not defined
console.warn: LoginRecipes: "Falling back to a synchronous message for: https://www.examinations.ie."
1706959714005	Marionette	INFO	Stopped listening on port 55588
Dynamically enable window occlusion 1
console.warn: LoginRecipes: "Falling back to a synchronous message for: https://www.examinations.ie."
1706959714995	geckodriver	INFO	Listening on 127.0.0.1:55618
1706959715499	mozrunner::runner	INFO	Running command: "D:\\Program Files\\Mozilla Firefox\\firefox.exe" "--marionette" "--remote-debugging-port" "55619" "--remote-allow-hosts" "localhost" "-no-remote" "-profile" "C:\\Users\\patri\\AppData\\Local\\Temp\\rust_mozprofileo2BsUK"
console.warn: services.settings: Ignoring preference override of remote settings server
console.warn: services.settings: Allow by setting MOZ_REMOTE_SETTINGS_DEVTOOLS=1 in the environment
1706959715797	Marionette	INFO	Marionette enabled
Dynamically enable window occlusion 0
1706959715877	Marionette	INFO	Listening on port 55624
WebDriver BiDi listening on ws://127.0.0.1:55619
Read port: 55624
1706959716015	RemoteAgent	WARN	TLS certificate errors will be ignored for this session
DevTools listening on ws://127.0.0.1:55619/devtools/browser/fd21d041-e743-4a39-97b8-6deeb45592b6
JavaScript error: https://www.examinations.ie/js/sec.js, line 1: ReferenceError: $ is not defined
console.warn: LoginRecipes: "Falling back to a synchronous message for: https://www.examinations.ie."
JavaScript error: https://www.examinations.ie/js/sec.js, line 1: ReferenceError: $ is not defined
console.warn: LoginRecipes: "Falling back to a synchronous message for: https://www.examinations.ie."
JavaScript error: https://www.examinations.ie/js/sec.js, line 1: ReferenceError: $ is not defined
console.warn: LoginRecipes: "Falling back to a synchronous message for: https://www.examinations.ie."
JavaScript error: https://www.examinations.ie/js/sec.js, line 1: ReferenceError: $ is not defined
console.warn: LoginRecipes: "Falling back to a synchronous message for: https://www.examinations.ie."
JavaScript error: https://www.examinations.ie/js/sec.js, line 1: ReferenceError: $ is not defined
console.warn: LoginRecipes: "Falling back to a synchronous message for: https://www.examinations.ie."
JavaScript error: https://www.examinations.ie/js/sec.js, line 1: ReferenceError: $ is not defined
console.warn: LoginRecipes: "Falling back to a synchronous message for: https://www.examinations.ie."
1706959719404	Marionette	INFO	Stopped listening on port 55624
Dynamically enable window occlusion 1
console.warn: LoginRecipes: "Falling back to a synchronous message for: https://www.examinations.ie."
1706959720333	geckodriver	INFO	Listening on 127.0.0.1:55655
1706959720837	mozrunner::runner	INFO	Running command: "D:\\Program Files\\Mozilla Firefox\\firefox.exe" "--marionette" "--remote-debugging-port" "55656" "--remote-allow-hosts" "localhost" "-no-remote" "-profile" "C:\\Users\\patri\\AppData\\Local\\Temp\\rust_mozprofileNYbMiM"
console.warn: services.settings: Ignoring preference override of remote settings server
console.warn: services.settings: Allow by setting MOZ_REMOTE_SETTINGS_DEVTOOLS=1 in the environment
1706959721133	Marionette	INFO	Marionette enabled
Dynamically enable window occlusion 0
1706959721213	Marionette	INFO	Listening on port 55661
WebDriver BiDi listening on ws://127.0.0.1:55656
Read port: 55661
1706959721345	RemoteAgent	WARN	TLS certificate errors will be ignored for this session
1706959722288	geckodriver	INFO	Listening on 127.0.0.1:55667
1706959724899	geckodriver	INFO	Listening on 127.0.0.1:55671
1706959725408	mozrunner::runner	INFO	Running command: "D:\\Program Files\\Mozilla Firefox\\firefox.exe" "--marionette" "--remote-debugging-port" "55672" "--remote-allow-hosts" "localhost" "-no-remote" "-profile" "C:\\Users\\patri\\AppData\\Local\\Temp\\rust_mozprofileJsEW8s"
console.warn: services.settings: Ignoring preference override of remote settings server
console.warn: services.settings: Allow by setting MOZ_REMOTE_SETTINGS_DEVTOOLS=1 in the environment
1706959725717	Marionette	INFO	Marionette enabled
Dynamically enable window occlusion 0
1706959725795	Marionette	INFO	Listening on port 55677
WebDriver BiDi listening on ws://127.0.0.1:55672
Read port: 55677
1706959725929	RemoteAgent	WARN	TLS certificate errors will be ignored for this session
DevTools listening on ws://127.0.0.1:55672/devtools/browser/eeab8065-7953-4fe3-b835-1e503f19a6fc
1706959727387	geckodriver	INFO	Listening on 127.0.0.1:55692
1706959729994	geckodriver	INFO	Listening on 127.0.0.1:55696
1706959730497	mozrunner::runner	INFO	Running command: "D:\\Program Files\\Mozilla Firefox\\firefox.exe" "--marionette" "--remote-debugging-port" "55697" "--remote-allow-hosts" "localhost" "-no-remote" "-profile" "C:\\Users\\patri\\AppData\\Local\\Temp\\rust_mozprofilevdO6lh"
console.warn: services.settings: Ignoring preference override of remote settings server
console.warn: services.settings: Allow by setting MOZ_REMOTE_SETTINGS_DEVTOOLS=1 in the environment
1706959730784	Marionette	INFO	Marionette enabled
Dynamically enable window occlusion 0
1706959730861	Marionette	INFO	Listening on port 55702
WebDriver BiDi listening on ws://127.0.0.1:55697
Read port: 55702
1706959730988	RemoteAgent	WARN	TLS certificate errors will be ignored for this session
1706959731481	geckodriver	INFO	Listening on 127.0.0.1:55706
1706959734072	geckodriver	INFO	Listening on 127.0.0.1:55710
1706959827461	geckodriver	INFO	Listening on 127.0.0.1:55730
1706959827989	mozrunner::runner	INFO	Running command: "D:\\Program Files\\Mozilla Firefox\\firefox.exe" "--marionette" "--remote-debugging-port" "55732" "--remote-allow-hosts" "localhost" "-no-remote" "-profile" "C:\\Users\\patri\\AppData\\Local\\Temp\\rust_mozprofileb7V7ZE"
console.warn: services.settings: Ignoring preference override of remote settings server
console.warn: services.settings: Allow by setting MOZ_REMOTE_SETTINGS_DEVTOOLS=1 in the environment
1706959828280	Marionette	INFO	Marionette enabled
Dynamically enable window occlusion 0
1706959828359	Marionette	INFO	Listening on port 55744
WebDriver BiDi listening on ws://127.0.0.1:55733
Read port: 55744
1706959828510	RemoteAgent	WARN	TLS certificate errors will be ignored for this session
DevTools listening on ws://127.0.0.1:55732/devtools/browser/9974b4f7-7b97-40b3-a166-73b61f1b2f42
JavaScript error: https://www.examinations.ie/js/sec.js, line 1: ReferenceError: $ is not defined
console.warn: LoginRecipes: "Falling back to a synchronous message for: https://www.examinations.ie."
JavaScript error: https://www.examinations.ie/js/sec.js, line 1: ReferenceError: $ is not defined
console.warn: LoginRecipes: "Falling back to a synchronous message for: https://www.examinations.ie."
JavaScript error: https://www.examinations.ie/js/sec.js, line 1: ReferenceError: $ is not defined
console.warn: LoginRecipes: "Falling back to a synchronous message for: https://www.examinations.ie."
JavaScript error: https://www.examinations.ie/js/sec.js, line 1: ReferenceError: $ is not defined
console.warn: LoginRecipes: "Falling back to a synchronous message for: https://www.examinations.ie."
JavaScript error: https://www.examinations.ie/js/sec.js, line 1: ReferenceError: $ is not defined
console.warn: LoginRecipes: "Falling back to a synchronous message for: https://www.examinations.ie."
JavaScript error: https://www.examinations.ie/js/sec.js, line 1: ReferenceError: $ is not defined
console.warn: LoginRecipes: "Falling back to a synchronous message for: https://www.examinations.ie."
1706959832104	Marionette	INFO	Stopped listening on port 55744
Dynamically enable window occlusion 1
console.warn: LoginRecipes: "Falling back to a synchronous message for: https://www.examinations.ie."
1706959832984	geckodriver	INFO	Listening on 127.0.0.1:55794
1706959833496	mozrunner::runner	INFO	Running command: "D:\\P1706959833619	mozrunner::runner	INFO	Running command: "D:\\Program Files\\Mozilla Firefox\\firefox.exe" "--marionette" "--remote-debugging-port" "55798" "--remote-allow-hosts" "localhost" "-no-remote" "-profile" "C:\console.warn: services.settings: Ignoring preference overridconsole.warn: services.settings: Ignoring preference override of remote settings server
console.warn: services.settings: Allow by1706959833799	Marionette	INFO	Marionette enabled
Dynamicall1706959833949	Marionette	INFO	Marionette enabled
Dynamically enable window occlusion 0
1706959834053	Marionette	INFO	Listening on port 55810
WebDriv1706959834073	RemoteAgent	WARN	TLS certificRead port: 55810
1706959834215	RemoteAgent	WADevTools listening on ws://127.0.0.1:55795/devtools/browser/DevTools listening on ws://127.0.0.1:5JavaScript error: https://www.examinations.ie/js/sec.js, linJavaScript error: https://www.examinations.ie/js/sec.js, line 1: ReferenceError: $ is not defined
console.warn: LoginRecipes: "Falling back to a synchronous message for: https://www.examinations.ie."
JavaScript error: https://www.examinations.ie/js/sec.js, line 1: ReferenceError: $ is not defined
console.warn: LoginRecipes: "Falling back to a synchronous message for: https://www.examinations.ie."
JavaScript error: https://www.examinations.ie/js/sec.js, line 1: ReferenceError: $ is not defined
console.warn: LoginRecipes: "Falling back to a synchronous message for: https://www.examinations.ie."
JavaScript error: https://www.examinations.ie/js/sec.js, line 1: ReferenceError: $ is not defined
console.warn: LoginRecipes: "Falling back to a synchronous message for: https://www.examinations.ie."
JavaScript error: https://www.examinations.ie/js/sec.js, line 1: ReferenceError: $ is not defined
console.warn: LoginRecipes: "Falling back tJavaScript error: https://www.examinations.ie/js/sec.js, linJavaScript error: https://www.examinaticonsole.warn: LoginRecipes: "Falling back to a synchronous mconsole.warn: LoginRecipes: "Falling back t1706959837528	Marionette	INFO	Stopped listening on port 5580170Dynamically enable window occlusion 1
console.warn: LoginReDynamically enable window occlusion 1
console.warn: LoginRecipes: "Falling back to a synchronous message for: https://www.examinations.ie."
1706959838461	geckodriver	INFO	Listening on 127.0.0.1:55867
1706959838509	mozrunner::runner	INFO	Running command: "D:\\Program Files\\Mozilla Firefox\\firefox.exe" "--marionette" "--remote-debugging-port" "55868" "--remote-allow-hosts" "localhost" "-no-remote" "-profile" "C:\\Users\\patri\\AppData\\Local\\Temp\\rust_mozprofile7vDucH"
console.warn: services.settings: Ignoring preference overrid1706959839159	mozrunner::runner	INFO	Running command: "D:\\Program Files\\Mozilla Firefox\\firefox.exe" "--marionette" "--remote-debugging-port" "55872" "--remote-allow-hosts" "localhost" "-no-remote" "-profile" "C:\\Users\\patri\\AppData\\Local\\Temp\\rust_mozprofileWInqtG"
console.warn: services.settings: Ignoring preference override of remote settings server
console.warn: services.settings: Allow by setting MOZ_REMOTE_SETDevTools listening on ws://127.0.0.1:55868/devtools/browser/c734e63d-8383-435f-abab-6e3a883fdbac
JavaScript error: https://www.examinations.ie/js/sec.js, line 1: ReferenceError: $ is not defined
console.warn: LoginRecipes: "Falling back to a synchronous message for: https://www.examinations.ie."
JavaScript error: https://www.examinDevTools listening on ws://127.0.0.1:55872/devtools/browser/5134e574-ab38-44ae-b81d-6a876d69b50a
JavaScript error: https://www.examinations.ie/js/sec.js, line 1: ReferenceError: $ is not defined
console.warn: LoginRecipes: "Falling back to a synchronous message for: https://www.examinations.ie."
JavaScript error: https://www.examinations.ie/js/sec.js, line 1: ReferenceError: $ is not defined
console.warn: LoginRecipes: "Falling back to a synchronous message for: https://www.examinations.ie."
JavaScript error: https://www.examinations.ie/js/sec.js, line 1: ReferenceError: $ is not defined
console.warn: LoginRecipes: "Falling back to a synchronous message for: https://www.examinations.ie."
JavaScript error: https://www.examinations.ie/js/sec.js, line 1: ReferenceError: $ is not defined
console.warn: LoginRecipes: "Falling back to a synchronous message for: https://www.examinations.ie."
JavaScript error: https://www.examinations.ie/js/sec.js, line 1: Ref1706959842476	Marionette	INFO	Stopped listening on port 55876
Dynamically enable window occlusion 1
console.warn: LoginRecipes: "Falling back to a synchronous message for: https://www.examinations.ie."
nceError: $ is not defined
console.warn: LoginRecipes: "Falling back to a synchronous message for: https://www.examinations.ie."
1706959843514	geckodriver	INFO	Listening on 127.0.0.1:55937
1706959844014	mozrunner::runner	INFO	Running command: "D:\\Program Files\\Mozilla Firefox\\firefox.exe" "--marionette" "--remote-debugging-port" "55938" "--remote-allow-hosts" "localhost" "-no-remote" "-profile" "C:\\Users\\patri\\AppData\\Local\\Temp\\rust_mozprofile0R11hh"
console.warn: services.settings: Ignoring preference override of remote settings server
console.warn: services.settings: Allow by setting MOZ_REMOTE_SETTINGS_DEVTOOLS=1 in the environment
1706959844372	geckodriver	INFO	Listening on 127.0.0.1:55943
1706959844876	mozrunner::runner	INFO	Running command: "D:\\Program Files\\Mozilla Firefox\\firefox.exe" "--marionette" "--remote-debugging-port" "55944" "--remote-allow-hosts" "localhost" "-no-remote" "-profile" "C:\\Users\\patri\\AppData\DevTools listening on ws://127.0.0.1:55938/devtools/browser/7d8e5911-4e32-453a-a600-15263f08e40d
JavaScript error: https://www.examinations.ie/js/sec.js, line 1: ReferenceError: $ is not defined
console.warn: LoginRecipes: "Falling back to a synchronous message for: https://www.examinations.ie."
JavaScript error: https://www.examinations.ie/js/sec.js, line 1: ReferenceError: $ is not defined
console.warn: LoginRecipes: "Falling back to a synchronous message for: https://www.examinations.ie."
JavaScript error: https:DevTools listening on ws://127.0.0.1:55944/devtools/browser/301b7c70-f6a9-42e4-82e7-ec8f1151749d
JavaScript error: https://www.examinations.ie/js/sec.js, line 1: ReferenceError: $ is not defined
console.warn: LoginRecipes: "Falling back to a synchronous message for: https://www.examinations.ie."
JavaScript error: https://www.examinations.ie/js/sec.js, line 1: ReferenceError: $ is not defined
console.warn: LoginRecipes: "Falling back to a synchronous message for: https://www.examinations.ie."
JavaScript error: https://www.examinations.ie/js/sec.js, line 1: ReferenceError: $ is not defined
console.warn: LoginRecipes: "Falling back to a synchronous message for: https://console.warn: LoginRecipes: "Falling back to a synchronous message for: https://www.examinations.ie."
1706959848116	Marionette	INFO	Stopped listening on port 55945
Dynamically enable window occlusion 1
console.warn: LoginRecipes: "Falling back to a synchronous message for: https://www.examinations.ie."
is not defined
console.warn: LoginRecipes: "Falling back to a synchronous message for: https://www.examinations.ie."
JavaScript error: https://www.examinations.ie/js/sec.js, line 1: ReferenceError: $ is not defined
console.warn: LoginRecipes: "Falling back to a synchronous message for: https://www.examinations.ie."
1706959849039	geckodriver	INFO	Listening on 127.0.0.1:56011
1706959849548	mozrunner::runner	INFO	Running command: "D:\\Program Files\\Mozilla Firefox\\firefox.exe" "--marionette" "--remote-debugging-port" "56012" "--remote-allow-hosts" "localhost" "-no-remote" "-profile" "C:\\Users\\patri\\AppData\\Local\\Temp\\rust_mozprofileZkzkAj"
console.warn: services.settings: Ignoring preference override of remote settings server
console.warn: services.settings: Allow by setting MOZ_REMOTE_SETTINGS_DEVTOOLS=1 in the environment
1706959849919	geckodriver	INFO	Listening on 127.0.0.1:56017
1706959850424	mozrunner::runner	INFO	Running command: "D:\\Program Files\\Mozilla Firefox\\firefox.exe" "--marionette" "--remote-debugging-port" "56018" "--remote-allow-hosts" "localhost" "-no-remote" "-profile" "C:\\Users\\patri\\AppData\DevTools listening on ws://127.0.0.1:56012/devtools/browser/8bf8c6cc-3a41-442e-93d0-9841b7d81ad1
JavaScript error: https://www.examinations.ie/js/sec.js, line 1: ReferenceError: $ is not defined
console.warn: LoginRecipes: "Falling back to a synchronous message for: https://www.examinations.ie."
JavaScript error: https://www.examinations.ie/js/sec.js, line 1: ReferenceError: $ is not defined
console.warn: LoginRecipes: "Falling back to a synchronous message for: https://www.examinations.ie."
JavaScript warning: https://challenges.cloudflare.com/cdn-cgi/challenge-platform/h/b/orchestrate/chl_api/v1?ray=84fa582b8ea4babb, line 1: WEBGL_debug_renderer_info is deprecated in Firefox and will be removed. Please use RENDERER.JaExiting due to channel error.
Exiting due to channel error.
Exiting due to channel error.
Exiting due to channel error.
42, line 1: WEBGL_debug_renderer_info is deprecated in Firefox and will be removed. Please use RENDERER.
Exiting due to channel error.
Exiting due to channel error.
Exiting due to channel error.
Exiting due to channel error.
Exiting due to channel error.
fox.exe" "--marionette" "--remote-debugging-port" "56093" "--remote-allow-hosts" "localhost" "-no-remote" "-profile" "C:\\Users\\patri\\AppData\\Local\\Temp\\rust_mozprofilet0IcAK"
console.warn: services.settings: Ignoring preference override of remote settings server
console.warn: services.settings: Allow by setting MOZ_REMOTE_SETTINGS_DEVTOOLS=1 in the environment
1706959863067	Marionette	INFO	Marionette enabled
Dynamically enable window occlusion 0
1706959863143	Marionette	INFO	Listening on port 56098
WebDriver BiDi listening on ws://127.0.0.1:56093
Read port: 56098
1706959863267	RemoteAgent	WARN	TLS certificate errors will be ignored for this session
DevTools listening on ws://127.0.0.1:56093/devtools/browser/bd954529-1245-4726-814a-0a8fb46e4afe
JavaScript error: https://www.examinations.ie/js/sec.js, line 1: ReferenceError: $ is not defined
console.warn: LoginRecipes: "Falling back to a synchronous message for: https://www.examinations.ie."
JavaScript error: https://www.examinations.ie/js/sec.js, line 1: ReferenceError: $ is not defined
console.warn: LoginRecipes: "Falling back to a synchronous message for: https://www.examinations.ie."
JavaScript error: https://www.examinations.ie/js/sec.js, line 1: ReferenceError: $ is not defined
console.warn: LoginRecipes: "Falling back to a synchronous message for: https://www.examinations.ie."
JavaScript error: https://www.examinations.ie/js/sec.js, line 1: ReferenceError: $ is not defined
console.warn: LoginRecDevTools listening on ws://127.0.0.1:56105/devtools/browser/f7a04eb2-b4d7-492e-bd23-95c8e1617d58
console.error: (new TypeError("linkMap is undefined", "resource://gre/modules/NewTabUtils.sys.mjs", 2001))
JavaScript warning: https://challenges.cloudflare.com/cdn-cgi/challenge-platform/h/b/orchestrate/chl_api/v1?ray=84fa588198a3021d, line 1: WEBGL_debug_renderer_info is deprecated in Firefox and will be removed. Please use RENDERER.
Exiting due to channel error.
Exiting due to channel error.
7ef972bab5, line 1: WEBGL_debug_renderer_info is deprecated in Firefox and will be removed. Please use RENDERER.
Exiting due to channel error.
Exiting due to channel error.
